<?xml version="1.0" encoding="UTF-8"?>
<testsuite name="com.example.testCases.ToDoTest" tests="4" skipped="0" failures="0" errors="0" timestamp="2023-08-29T13:05:19" hostname="Apples-MacBook-Pro.local" time="15.871">
  <properties/>
  <testcase name="deleteToDoTest" classname="com.example.testCases.ToDoTest" time="3.227"/>
  <testcase name="getToDoTest" classname="com.example.testCases.ToDoTest" time="5.58"/>
  <testcase name="postToDoTest" classname="com.example.testCases.ToDoTest" time="2.98"/>
  <testcase name="putToDoTest" classname="com.example.testCases.ToDoTest" time="4.075"/>
  <system-out><![CDATA[]]></system-out>
  <system-err><![CDATA[]]></system-err>
</testsuite>
