<?xml version="1.0" encoding="UTF-8"?>
<testsuite name="com.example.testCases.PostTest" tests="4" skipped="0" failures="0" errors="0" timestamp="2023-08-14T19:28:05" hostname="Apples-MacBook-Pro.local" time="10.181">
  <properties/>
  <testcase name="deletePostTest" classname="com.example.testCases.PostTest" time="2.67"/>
  <testcase name="getPostTest" classname="com.example.testCases.PostTest" time="0.614"/>
  <testcase name="postPostsTest" classname="com.example.testCases.PostTest" time="3.069"/>
  <testcase name="putPostTest" classname="com.example.testCases.PostTest" time="3.824"/>
  <system-out><![CDATA[posttest delete
posttest user
posttest post
posttest put
]]></system-out>
  <system-err><![CDATA[]]></system-err>
</testsuite>
