<?xml version="1.0" encoding="UTF-8"?>
<testsuite name="com.example.testCases.PostTest" tests="4" skipped="0" failures="0" errors="0" timestamp="2023-08-20T21:10:54" hostname="Apples-MacBook-Pro.local" time="20.561">
  <properties/>
  <testcase name="deletePostTest" classname="com.example.testCases.PostTest" time="7.885"/>
  <testcase name="getPostTest" classname="com.example.testCases.PostTest" time="0.681"/>
  <testcase name="postPostsTest" classname="com.example.testCases.PostTest" time="2.961"/>
  <testcase name="putPostTest" classname="com.example.testCases.PostTest" time="9.026"/>
  <system-out><![CDATA[]]></system-out>
  <system-err><![CDATA[]]></system-err>
</testsuite>
