<?xml version="1.0" encoding="UTF-8"?>
<testsuite name="com.example.testCases.ToDoTest" tests="4" skipped="0" failures="0" errors="0" timestamp="2023-08-20T21:11:14" hostname="Apples-MacBook-Pro.local" time="19.389">
  <properties/>
  <testcase name="deleteToDoTest" classname="com.example.testCases.ToDoTest" time="4.133"/>
  <testcase name="getToDoTest" classname="com.example.testCases.ToDoTest" time="5.667"/>
  <testcase name="postToDoTest" classname="com.example.testCases.ToDoTest" time="4.298"/>
  <testcase name="putToDoTest" classname="com.example.testCases.ToDoTest" time="5.281"/>
  <system-out><![CDATA[]]></system-out>
  <system-err><![CDATA[]]></system-err>
</testsuite>
