<?xml version="1.0" encoding="UTF-8"?>
<testsuite name="com.example.testCases.UserTest" tests="4" skipped="0" failures="0" errors="0" timestamp="2023-08-09T19:25:43" hostname="Apples-MacBook-Pro.local" time="19.177">
  <properties/>
  <testcase name="deleteUserTest" classname="com.example.testCases.UserTest" time="10.765"/>
  <testcase name="getUserTest" classname="com.example.testCases.UserTest" time="1.255"/>
  <testcase name="postUserTest" classname="com.example.testCases.UserTest" time="3.031"/>
  <testcase name="putUserTest" classname="com.example.testCases.UserTest" time="4.119"/>
  <system-out><![CDATA[]]></system-out>
  <system-err><![CDATA[]]></system-err>
</testsuite>
