<?xml version="1.0" encoding="UTF-8"?>
<testsuite name="com.example.testCases.ToDoTest" tests="4" skipped="0" failures="0" errors="0" timestamp="2023-08-25T20:13:23" hostname="Apples-MacBook-Pro.local" time="15.328">
  <properties/>
  <testcase name="deleteToDoTest" classname="com.example.testCases.ToDoTest" time="3.301"/>
  <testcase name="getToDoTest" classname="com.example.testCases.ToDoTest" time="5.582"/>
  <testcase name="postToDoTest" classname="com.example.testCases.ToDoTest" time="2.997"/>
  <testcase name="putToDoTest" classname="com.example.testCases.ToDoTest" time="3.439"/>
  <system-out><![CDATA[]]></system-out>
  <system-err><![CDATA[]]></system-err>
</testsuite>
