<?xml version="1.0" encoding="UTF-8"?>
<testsuite name="com.example.testCases.PostTest" tests="4" skipped="0" failures="0" errors="0" timestamp="2023-08-25T14:16:36" hostname="Apples-MacBook-Pro.local" time="19.822">
  <properties/>
  <testcase name="deletePostTest" classname="com.example.testCases.PostTest" time="7.536"/>
  <testcase name="getPostTest" classname="com.example.testCases.PostTest" time="1.098"/>
  <testcase name="postPostsTest" classname="com.example.testCases.PostTest" time="2.774"/>
  <testcase name="putPostTest" classname="com.example.testCases.PostTest" time="8.406"/>
  <system-out><![CDATA[]]></system-out>
  <system-err><![CDATA[]]></system-err>
</testsuite>
