<?xml version="1.0" encoding="UTF-8"?>
<testsuite name="com.example.testCases.ToDoTest" tests="4" skipped="0" failures="0" errors="0" timestamp="2023-08-25T14:16:56" hostname="Apples-MacBook-Pro.local" time="14.421">
  <properties/>
  <testcase name="deleteToDoTest" classname="com.example.testCases.ToDoTest" time="3.224"/>
  <testcase name="getToDoTest" classname="com.example.testCases.ToDoTest" time="5.575"/>
  <testcase name="postToDoTest" classname="com.example.testCases.ToDoTest" time="2.468"/>
  <testcase name="putToDoTest" classname="com.example.testCases.ToDoTest" time="3.145"/>
  <system-out><![CDATA[]]></system-out>
  <system-err><![CDATA[]]></system-err>
</testsuite>
