<?xml version="1.0" encoding="UTF-8"?>
<testsuite name="com.example.testCases.CommentTest" tests="4" skipped="0" failures="0" errors="0" timestamp="2023-08-25T14:15:51" hostname="Apples-MacBook-Pro.local" time="34.541">
  <properties/>
  <testcase name="deleteCommentTest" classname="com.example.testCases.CommentTest" time="13.789"/>
  <testcase name="getCommentTest" classname="com.example.testCases.CommentTest" time="5.604"/>
  <testcase name="postCommentTest" classname="com.example.testCases.CommentTest" time="4.948"/>
  <testcase name="putCommentTest" classname="com.example.testCases.CommentTest" time="10.121"/>
  <system-out><![CDATA[]]></system-out>
  <system-err><![CDATA[]]></system-err>
</testsuite>
