<?xml version="1.0" encoding="UTF-8"?>
<testsuite name="com.example.testCases.PostTest" tests="4" skipped="0" failures="0" errors="0" timestamp="2023-08-09T19:26:02" hostname="Apples-MacBook-Pro.local" time="13.199">
  <properties/>
  <testcase name="deletePostTest" classname="com.example.testCases.PostTest" time="4.066"/>
  <testcase name="getPostTest" classname="com.example.testCases.PostTest" time="0.748"/>
  <testcase name="postPostsTest" classname="com.example.testCases.PostTest" time="3.793"/>
  <testcase name="putPostTest" classname="com.example.testCases.PostTest" time="4.589"/>
  <system-out><![CDATA[]]></system-out>
  <system-err><![CDATA[]]></system-err>
</testsuite>
