<?xml version="1.0" encoding="UTF-8"?>
<testsuite name="com.example.testCases.UserTest" tests="4" skipped="0" failures="0" errors="0" timestamp="2023-08-14T19:28:25" hostname="Apples-MacBook-Pro.local" time="6.278">
  <properties/>
  <testcase name="deleteUserTest" classname="com.example.testCases.UserTest" time="1.312"/>
  <testcase name="getUserTest" classname="com.example.testCases.UserTest" time="0.609"/>
  <testcase name="postUserTest" classname="com.example.testCases.UserTest" time="1.863"/>
  <testcase name="putUserTest" classname="com.example.testCases.UserTest" time="2.49"/>
  <system-out><![CDATA[usertest delete
usertest user
usertest post
usertest put
]]></system-out>
  <system-err><![CDATA[]]></system-err>
</testsuite>
