<?xml version="1.0" encoding="UTF-8"?>
<testsuite name="com.example.testCases.ToDoTest" tests="4" skipped="0" failures="0" errors="0" timestamp="2023-08-14T19:28:15" hostname="Apples-MacBook-Pro.local" time="9.987">
  <properties/>
  <testcase name="deleteToDoTest" classname="com.example.testCases.ToDoTest" time="3.018"/>
  <testcase name="getToDoTest" classname="com.example.testCases.ToDoTest" time="0.879"/>
  <testcase name="postToDoTest" classname="com.example.testCases.ToDoTest" time="2.639"/>
  <testcase name="putToDoTest" classname="com.example.testCases.ToDoTest" time="3.448"/>
  <system-out><![CDATA[todotest delete
todotest user
todotest post
todotest put
]]></system-out>
  <system-err><![CDATA[]]></system-err>
</testsuite>
