<?xml version="1.0" encoding="UTF-8"?>
<testsuite name="com.example.testCases.CommentTest" tests="4" skipped="0" failures="0" errors="0" timestamp="2023-08-29T13:03:55" hostname="Apples-MacBook-Pro.local" time="48.712">
  <properties/>
  <testcase name="deleteCommentTest" classname="com.example.testCases.CommentTest" time="13.46"/>
  <testcase name="getCommentTest" classname="com.example.testCases.CommentTest" time="5.89"/>
  <testcase name="postCommentTest" classname="com.example.testCases.CommentTest" time="11.225"/>
  <testcase name="putCommentTest" classname="com.example.testCases.CommentTest" time="18.004"/>
  <system-out><![CDATA[]]></system-out>
  <system-err><![CDATA[]]></system-err>
</testsuite>
