<?xml version="1.0" encoding="UTF-8"?>
<testsuite name="com.example.testCases.UserTest" tests="4" skipped="0" failures="0" errors="0" timestamp="2023-08-20T21:11:34" hostname="Apples-MacBook-Pro.local" time="17.511">
  <properties/>
  <testcase name="deleteUserTest" classname="com.example.testCases.UserTest" time="6.844"/>
  <testcase name="getUserTest" classname="com.example.testCases.UserTest" time="0.677"/>
  <testcase name="postUserTest" classname="com.example.testCases.UserTest" time="2.661"/>
  <testcase name="putUserTest" classname="com.example.testCases.UserTest" time="7.315"/>
  <system-out><![CDATA[]]></system-out>
  <system-err><![CDATA[]]></system-err>
</testsuite>
