<?xml version="1.0" encoding="UTF-8"?>
<testsuite name="com.example.testCases.UserTest" tests="4" skipped="0" failures="0" errors="0" timestamp="2023-08-29T13:04:44" hostname="Apples-MacBook-Pro.local" time="13.838">
  <properties/>
  <testcase name="deleteUserTest" classname="com.example.testCases.UserTest" time="7.564"/>
  <testcase name="getUserTest" classname="com.example.testCases.UserTest" time="0.614"/>
  <testcase name="postUserTest" classname="com.example.testCases.UserTest" time="1.282"/>
  <testcase name="putUserTest" classname="com.example.testCases.UserTest" time="4.37"/>
  <system-out><![CDATA[]]></system-out>
  <system-err><![CDATA[]]></system-err>
</testsuite>
