<?xml version="1.0" encoding="UTF-8"?>
<testsuite name="com.example.testCases.CommentTest" tests="4" skipped="0" failures="0" errors="0" timestamp="2023-08-25T20:12:16" hostname="Apples-MacBook-Pro.local" time="33.729">
  <properties/>
  <testcase name="deleteCommentTest" classname="com.example.testCases.CommentTest" time="12.679"/>
  <testcase name="getCommentTest" classname="com.example.testCases.CommentTest" time="5.887"/>
  <testcase name="postCommentTest" classname="com.example.testCases.CommentTest" time="4.84"/>
  <testcase name="putCommentTest" classname="com.example.testCases.CommentTest" time="10.237"/>
  <system-out><![CDATA[]]></system-out>
  <system-err><![CDATA[]]></system-err>
</testsuite>
