<?xml version="1.0" encoding="UTF-8"?>
<testsuite name="com.example.testCases.ToDoTest" tests="4" skipped="0" failures="0" errors="0" timestamp="2023-08-09T19:26:35" hostname="Apples-MacBook-Pro.local" time="12.171">
  <properties/>
  <testcase name="deleteToDoTest" classname="com.example.testCases.ToDoTest" time="3.739"/>
  <testcase name="getToDoTest" classname="com.example.testCases.ToDoTest" time="0.709"/>
  <testcase name="postToDoTest" classname="com.example.testCases.ToDoTest" time="3.508"/>
  <testcase name="putToDoTest" classname="com.example.testCases.ToDoTest" time="4.209"/>
  <system-out><![CDATA[]]></system-out>
  <system-err><![CDATA[]]></system-err>
</testsuite>
